SLF4J: Failed to load class "org.slf4j.impl.StaticLoggerBinder".
SLF4J: Defaulting to no-operation (NOP) logger implementation
SLF4J: See http://www.slf4j.org/codes.html#StaticLoggerBinder for further details.
1814401
2021-01-28 16:25:04 INFO  Generator:55 - Vehicle Limit: 77957
2021-01-28 16:25:05 INFO  Generator:55 - Vehicle Limit: 106004
2021-01-28 16:25:05 INFO  Generator:55 - Vehicle Limit: 106011
2021-01-28 16:25:05 INFO  Generator:55 - Vehicle Limit: 106015
2021-01-28 16:25:05 INFO  Generator:55 - Vehicle Limit: 106018
2021-01-28 16:25:05 INFO  Generator:55 - Vehicle Limit: 106025
2021-01-28 16:25:05 INFO  Generator:55 - Vehicle Limit: 107473
2021-01-28 16:25:06 INFO  Generator:55 - Vehicle Limit: 108472
2021-01-28 16:25:07 INFO  Generator:55 - Vehicle Limit: 109041
2021-01-28 16:25:08 INFO  Generator:55 - Vehicle Limit: 109290
2021-01-28 16:25:09 INFO  Generator:55 - Vehicle Limit: 109556
2021-01-28 16:25:10 INFO  Generator:55 - Vehicle Limit: 109704
2021-01-28 16:25:11 INFO  Generator:55 - Vehicle Limit: 109852
2021-01-28 16:25:12 INFO  Generator:55 - Vehicle Limit: 110043
2021-01-28 16:25:13 INFO  Generator:55 - Vehicle Limit: 110188
2021-01-28 16:25:14 INFO  Generator:55 - Vehicle Limit: 110320
2021-01-28 16:25:15 INFO  Generator:55 - Vehicle Limit: 110536
2021-01-28 16:25:16 INFO  Generator:55 - Vehicle Limit: 110778
2021-01-28 16:25:17 INFO  Generator:55 - Vehicle Limit: 111060
2021-01-28 16:25:18 INFO  Generator:55 - Vehicle Limit: 111396
2021-01-28 16:25:19 INFO  Generator:55 - Vehicle Limit: 111720
2021-01-28 16:25:20 INFO  Generator:55 - Vehicle Limit: 111954
2021-01-28 16:25:21 INFO  Generator:55 - Vehicle Limit: 112046
2021-01-28 16:25:22 INFO  Generator:55 - Vehicle Limit: 112190
